<testsuite   name="test855f076e-77de-ff30-229b-60e26d487b4b"   errors="0"  failures="0"      tests="6"   ><testcase name="setUsername"    time="Sun, 01 Jun 2014 07:37:13 GMT"></testcase><testcase name="setEmail"    time="Sun, 01 Jun 2014 07:37:15 GMT"></testcase><testcase name="setPassword"    time="Sun, 01 Jun 2014 07:37:17 GMT"></testcase><testcase name="setRepeatPassword"    time="Sun, 01 Jun 2014 07:37:19 GMT"></testcase><testcase name="setmobileweb"    time="Sun, 01 Jun 2014 07:37:21 GMT"></testcase><testcase name="setweb"    time="Sun, 01 Jun 2014 07:37:23 GMT"></testcase><testcase name="slider90"    time="Sun, 01 Jun 2014 07:37:25 GMT"></testcase></testsuite>